Traceback (most recent call last):
  File "/raven/u/pitneitemeier/tNN/TFI.py", line 51, in <module>
    val_h_params = np.loadtxt(folder + 'h_params' + append, delimiter=',')
  File "/mpcdf/soft/SLE_15/packages/x86_64/anaconda/3/2021.11/lib/python3.9/site-packages/numpy/lib/npyio.py", line 1065, in loadtxt
    fh = np.lib._datasource.open(fname, 'rt', encoding=encoding)
  File "/mpcdf/soft/SLE_15/packages/x86_64/anaconda/3/2021.11/lib/python3.9/site-packages/numpy/lib/_datasource.py", line 194, in open
    return ds.open(path, mode, encoding=encoding, newline=newline)
  File "/mpcdf/soft/SLE_15/packages/x86_64/anaconda/3/2021.11/lib/python3.9/site-packages/numpy/lib/_datasource.py", line 531, in open
    raise IOError("%s not found." % path)
OSError: ED_data/TFI14x/h_params_0.2_1.3.csv not found.
                                  
================================= 
Global information about the job: 
================================= 
  
Job owner: pitneitemeier(84612)
Job name:  TFI4
Node list: ravg1182
Job start: Wed Apr 13 15:53:36 CEST 2022
Job end:   Wed Apr 13 15:53:58 CEST 2022
Work dir:  /u/pitneitemeier/tNN/./
Command:   /raven/u/pitneitemeier/tNN/s_batch_runner.sh
  
  
  
==========================================================================================
Information on jobsteps (Note: MaxRSS/AveRSS is the maximum/average over all 
tasks of the per-task memory high-water marks; cf. "man sacct"): 
==========================================================================================
  
       JobID    JobName NNodes NTasks  NCPUS       MaxRSS       AveRSS    Elapsed ExitCode 
------------ ---------- ------ ------ ------ ------------ ------------ ---------- -------- 
1714070            TFI4      1            72                             00:00:22      1:0 
  
